[2m11:31:04 AM[22m [36m[1m[vite][22m[39m [90m[2m(client)[22m[39m Forced re-optimization of dependencies

  [32m[1mVITE[22m v8.0.16[39m  [2mready in [0m[1m184[22m[2m[0m ms[22m

  [32m➜[39m  [1mLocal[22m:   [36mhttp://127.0.0.1:[1m5174[22m/[39m
[2m11:34:06 AM[22m [36m[1m[vite][22m[39m [90m[2m(client)[22m[39m [32mpage reload [39m[2mC:/Users/tmarn/Projects/NodeFlow/components/FlowKit.tsx[22m
[2m11:36:26 AM[22m [36m[1m[vite][22m[39m [90m[2m(client)[22m[39m [32mhmr update [39m[2m/@fs/C:/Users/tmarn/Projects/NodeFlow/css/node-flow.css[22m
[2m11:36:27 AM[22m [36m[1m[vite][22m[39m [90m[2m(client)[22m[39m [32mhmr update [39m[2m/@fs/C:/Users/tmarn/Projects/NodeFlow/css/node-flow.css[22m
[2m11:36:28 AM[22m [36m[1m[vite][22m[39m [90m[2m(client)[22m[39m [32mhmr update [39m[2m/@fs/C:/Users/tmarn/Projects/NodeFlow/css/node-flow.css[22m
[2m11:36:44 AM[22m [36m[1m[vite][22m[39m [90m[2m(client)[22m[39m [32mhmr update [39m[2m/@fs/C:/Users/tmarn/Projects/NodeFlow/css/node-flow.css[22m
[2m11:36:55 AM[22m [36m[1m[vite][22m[39m [90m[2m(client)[22m[39m [32mhmr update [39m[2m/src/styles.css[22m
[2m11:36:55 AM[22m [36m[1m[vite][22m[39m [90m[2m(client)[22m[39m [32mhmr update [39m[2m/src/styles.css[22m
[2m11:38:12 AM[22m [36m[1m[vite][22m[39m [90m[2m(client)[22m[39m [32mpage reload [39m[2mC:/Users/tmarn/Projects/NodeFlow/components/edges/EdgeLayer.tsx[22m
[2m11:38:20 AM[22m [36m[1m[vite][22m[39m [90m[2m(client)[22m[39m [32mpage reload [39m[2mC:/Users/tmarn/Projects/NodeFlow/components/FlowKit.tsx[22m
[2m11:38:26 AM[22m [36m[1m[vite][22m[39m [90m[2m(client)[22m[39m [32mhmr update [39m[2m/@fs/C:/Users/tmarn/Projects/NodeFlow/css/node-flow.css[22m
[2m11:38:30 AM[22m [36m[1m[vite][22m[39m [90m[2m(client)[22m[39m [32mpage reload [39m[2msrc/App.tsx[22m
[2m11:38:38 AM[22m [36m[1m[vite][22m[39m [90m[2m(client)[22m[39m [32mpage reload [39m[2mC:/Users/tmarn/Projects/NodeFlow/index.ts[22m
[2m11:38:56 AM[22m [36m[1m[vite][22m[39m [90m[2m(client)[22m[39m [32mhmr update [39m[2m/@fs/C:/Users/tmarn/Projects/NodeFlow/css/node-flow.css[22m
[2m11:38:58 AM[22m [36m[1m[vite][22m[39m [90m[2m(client)[22m[39m [32mhmr update [39m[2m/@fs/C:/Users/tmarn/Projects/NodeFlow/css/node-flow.css[22m
[2m11:39:00 AM[22m [36m[1m[vite][22m[39m [90m[2m(client)[22m[39m [32mhmr update [39m[2m/@fs/C:/Users/tmarn/Projects/NodeFlow/css/node-flow.css[22m
[2m11:39:00 AM[22m [36m[1m[vite][22m[39m [90m[2m(client)[22m[39m [32mhmr update [39m[2m/@fs/C:/Users/tmarn/Projects/NodeFlow/css/node-flow.css[22m
[2m11:39:10 AM[22m [36m[1m[vite][22m[39m [90m[2m(client)[22m[39m [32mhmr update [39m[2m/@fs/C:/Users/tmarn/Projects/NodeFlow/css/node-flow.css[22m
[2m11:39:16 AM[22m [36m[1m[vite][22m[39m [90m[2m(client)[22m[39m [32mhmr update [39m[2m/@fs/C:/Users/tmarn/Projects/NodeFlow/css/node-flow.css[22m
[2m11:39:18 AM[22m [36m[1m[vite][22m[39m [90m[2m(client)[22m[39m [32mhmr update [39m[2m/@fs/C:/Users/tmarn/Projects/NodeFlow/css/node-flow.css[22m
[2m11:39:18 AM[22m [36m[1m[vite][22m[39m [90m[2m(client)[22m[39m [32mhmr update [39m[2m/@fs/C:/Users/tmarn/Projects/NodeFlow/css/node-flow.css[22m
[2m11:43:06 AM[22m [36m[1m[vite][22m[39m [90m[2m(client)[22m[39m [32mpage reload [39m[2mC:/Users/tmarn/Projects/NodeFlow/components/edges/Edge.tsx[22m
[2m11:43:11 AM[22m [36m[1m[vite][22m[39m [90m[2m(client)[22m[39m [32mhmr update [39m[2m/@fs/C:/Users/tmarn/Projects/NodeFlow/css/node-flow.css[22m
[2m11:45:14 AM[22m [36m[1m[vite][22m[39m [90m[2m(client)[22m[39m [32mhmr update [39m[2m/@fs/C:/Users/tmarn/Projects/NodeFlow/css/node-flow.css[22m
[2m11:45:14 AM[22m [36m[1m[vite][22m[39m [90m[2m(client)[22m[39m [32mhmr update [39m[2m/@fs/C:/Users/tmarn/Projects/NodeFlow/css/node-flow.css[22m
[2m12:04:24 PM[22m [36m[1m[vite][22m[39m [90m[2m(client)[22m[39m [32mpage reload [39m[2msrc/main.tsx[22m
[2m12:07:07 PM[22m [36m[1m[vite][22m[39m [90m[2m(client)[22m[39m [32mpage reload [39m[2mC:/Users/tmarn/Projects/NodeFlow/components/nodes/Endpoint.tsx[22m
[2m12:07:22 PM[22m [36m[1m[vite][22m[39m [90m[2m(client)[22m[39m [32mpage reload [39m[2mC:/Users/tmarn/Projects/NodeFlow/components/edges/EdgeLayer.tsx[22m
[2m12:07:39 PM[22m [36m[1m[vite][22m[39m [90m[2m(client)[22m[39m [32mpage reload [39m[2msrc/App.tsx[22m
